"10 14, 2020 16:46:12 下午 com.ddd.server.Bootstrap logJVM
-5p:Server version:		How2J DiyTomcat/1.0.1
"10 14, 2020 16:46:12 下午 com.ddd.server.Bootstrap logJVM
-5p:Server built:		2020-04-08 10:20:22
"10 14, 2020 16:46:12 下午 com.ddd.server.Bootstrap logJVM
-5p:Server number:		1.0.1
"10 14, 2020 16:46:12 下午 com.ddd.server.Bootstrap logJVM
-5p:OS Name	:		Windows 10
"10 14, 2020 16:46:12 下午 com.ddd.server.Bootstrap logJVM
-5p:OS Version:		10.0
"10 14, 2020 16:46:12 下午 com.ddd.server.Bootstrap logJVM
-5p:Architecture:		x86
"10 14, 2020 16:46:12 下午 com.ddd.server.Bootstrap logJVM
-5p:Java Home:		D:\JavaEE\Java\jre
"10 14, 2020 16:46:12 下午 com.ddd.server.Bootstrap logJVM
-5p:JVM Version:		1.8.0_65-b17
"10 14, 2020 16:46:12 下午 com.ddd.server.Bootstrap logJVM
-5p:JVM Vendor:		Oracle Corporation
"10 14, 2020 16:49:02 下午 com.ddd.server.Bootstrap logJVM
-5p:Server version:		How2J DiyTomcat/1.0.1
"10 14, 2020 16:49:02 下午 com.ddd.server.Bootstrap logJVM
-5p:Server built:		2020-04-08 10:20:22
"10 14, 2020 16:49:02 下午 com.ddd.server.Bootstrap logJVM
-5p:Server number:		1.0.1
"10 14, 2020 16:49:02 下午 com.ddd.server.Bootstrap logJVM
-5p:OS Name	:		Windows 10
"10 14, 2020 16:49:02 下午 com.ddd.server.Bootstrap logJVM
-5p:OS Version:		10.0
"10 14, 2020 16:49:02 下午 com.ddd.server.Bootstrap logJVM
-5p:Architecture:		x86
"10 14, 2020 16:49:02 下午 com.ddd.server.Bootstrap logJVM
-5p:Java Home:		D:\JavaEE\Java\jre
"10 14, 2020 16:49:02 下午 com.ddd.server.Bootstrap logJVM
-5p:JVM Version:		1.8.0_65-b17
"10 14, 2020 16:49:02 下午 com.ddd.server.Bootstrap logJVM
-5p:JVM Vendor:		Oracle Corporation
"10 14, 2020 16:49:02 下午 com.ddd.catalina.Context <init>
-5p:Deploying web application directory D:\IDEA_Project\DiyTomcat\webapps\a
"10 14, 2020 16:49:02 下午 com.ddd.catalina.Context <init>
-5p:Deploying of web application directory D:\IDEA_Project\DiyTomcat\webapps\a has finished in 0 ms
"10 14, 2020 16:49:02 下午 com.ddd.catalina.Context <init>
-5p:Deploying web application directory D:\IDEA_Project\DiyTomcat\webapps\ROOT
"10 14, 2020 16:49:02 下午 com.ddd.catalina.Context <init>
-5p:Deploying of web application directory D:\IDEA_Project\DiyTomcat\webapps\ROOT has finished in 0 ms
"10 14, 2020 16:51:08 下午 com.ddd.server.Bootstrap logJVM
-5p:Server version:		How2J DiyTomcat/1.0.1
"10 14, 2020 16:51:08 下午 com.ddd.server.Bootstrap logJVM
-5p:Server built:		2020-04-08 10:20:22
"10 14, 2020 16:51:08 下午 com.ddd.server.Bootstrap logJVM
-5p:Server number:		1.0.1
"10 14, 2020 16:51:08 下午 com.ddd.server.Bootstrap logJVM
-5p:OS Name	:		Windows 10
"10 14, 2020 16:51:08 下午 com.ddd.server.Bootstrap logJVM
-5p:OS Version:		10.0
"10 14, 2020 16:51:08 下午 com.ddd.server.Bootstrap logJVM
-5p:Architecture:		x86
"10 14, 2020 16:51:08 下午 com.ddd.server.Bootstrap logJVM
-5p:Java Home:		D:\JavaEE\Java\jre
"10 14, 2020 16:51:08 下午 com.ddd.server.Bootstrap logJVM
-5p:JVM Version:		1.8.0_65-b17
"10 14, 2020 16:51:08 下午 com.ddd.server.Bootstrap logJVM
-5p:JVM Vendor:		Oracle Corporation
"10 14, 2020 16:51:08 下午 com.ddd.catalina.Context <init>
-5p:Deploying web application directory D:\IDEA_Project\DiyTomcat\webapps\a
"10 14, 2020 16:51:08 下午 com.ddd.catalina.Context <init>
-5p:Deploying of web application directory D:\IDEA_Project\DiyTomcat\webapps\a has finished in 0 ms
"10 14, 2020 16:51:08 下午 com.ddd.catalina.Context <init>
-5p:Deploying web application directory D:\IDEA_Project\DiyTomcat\webapps\ROOT
"10 14, 2020 16:51:08 下午 com.ddd.catalina.Context <init>
-5p:Deploying of web application directory D:\IDEA_Project\DiyTomcat\webapps\ROOT has finished in 0 ms
"10 14, 2020 16:53:25 下午 com.ddd.server.Bootstrap logJVM
-5p:Server version:		How2J DiyTomcat/1.0.1
"10 14, 2020 16:53:25 下午 com.ddd.server.Bootstrap logJVM
-5p:Server built:		2020-04-08 10:20:22
"10 14, 2020 16:53:25 下午 com.ddd.server.Bootstrap logJVM
-5p:Server number:		1.0.1
"10 14, 2020 16:53:25 下午 com.ddd.server.Bootstrap logJVM
-5p:OS Name	:		Windows 10
"10 14, 2020 16:53:25 下午 com.ddd.server.Bootstrap logJVM
-5p:OS Version:		10.0
"10 14, 2020 16:53:25 下午 com.ddd.server.Bootstrap logJVM
-5p:Architecture:		x86
"10 14, 2020 16:53:25 下午 com.ddd.server.Bootstrap logJVM
-5p:Java Home:		D:\JavaEE\Java\jre
"10 14, 2020 16:53:25 下午 com.ddd.server.Bootstrap logJVM
-5p:JVM Version:		1.8.0_65-b17
"10 14, 2020 16:53:25 下午 com.ddd.server.Bootstrap logJVM
-5p:JVM Vendor:		Oracle Corporation
"10 14, 2020 16:53:25 下午 com.ddd.catalina.Context <init>
-5p:Deploying web application directory D:\IDEA_Project\DiyTomcat\webapps\a
"10 14, 2020 16:53:25 下午 com.ddd.catalina.Context <init>
-5p:Deploying of web application directory D:\IDEA_Project\DiyTomcat\webapps\a has finished in 0 ms
"10 14, 2020 16:53:25 下午 com.ddd.catalina.Context <init>
-5p:Deploying web application directory D:\IDEA_Project\DiyTomcat\webapps\ROOT
"10 14, 2020 16:53:25 下午 com.ddd.catalina.Context <init>
-5p:Deploying of web application directory D:\IDEA_Project\DiyTomcat\webapps\ROOT has finished in 1 ms
"10 14, 2020 20:12:36 下午 com.ddd.server.Bootstrap logJVM
-5p:Server version:		How2J DiyTomcat/1.0.1
"10 14, 2020 20:12:36 下午 com.ddd.server.Bootstrap logJVM
-5p:Server built:		2020-04-08 10:20:22
"10 14, 2020 20:12:36 下午 com.ddd.server.Bootstrap logJVM
-5p:Server number:		1.0.1
"10 14, 2020 20:12:36 下午 com.ddd.server.Bootstrap logJVM
-5p:OS Name	:		Windows 10
"10 14, 2020 20:12:36 下午 com.ddd.server.Bootstrap logJVM
-5p:OS Version:		10.0
"10 14, 2020 20:12:36 下午 com.ddd.server.Bootstrap logJVM
-5p:Architecture:		x86
"10 14, 2020 20:12:36 下午 com.ddd.server.Bootstrap logJVM
-5p:Java Home:		D:\JavaEE\Java\jre
"10 14, 2020 20:12:36 下午 com.ddd.server.Bootstrap logJVM
-5p:JVM Version:		1.8.0_65-b17
"10 14, 2020 20:12:36 下午 com.ddd.server.Bootstrap logJVM
-5p:JVM Vendor:		Oracle Corporation
"10 14, 2020 20:12:36 下午 com.ddd.catalina.Context <init>
-5p:Deploying web application directory D:\IDEA_Project\DiyTomcat\webapps\a
"10 14, 2020 20:12:36 下午 com.ddd.catalina.Context <init>
-5p:Deploying of web application directory D:\IDEA_Project\DiyTomcat\webapps\a has finished in 0 ms
"10 14, 2020 20:12:36 下午 com.ddd.catalina.Context <init>
-5p:Deploying web application directory D:\IDEA_Project\DiyTomcat\webapps\ROOT
"10 14, 2020 20:12:36 下午 com.ddd.catalina.Context <init>
-5p:Deploying of web application directory D:\IDEA_Project\DiyTomcat\webapps\ROOT has finished in 0 ms
"10 14, 2020 20:12:36 下午 com.ddd.catalina.Context <init>
-5p:Deploying web application directory d:/IDEA_Project/b
"10 14, 2020 20:12:36 下午 com.ddd.catalina.Context <init>
-5p:Deploying of web application directory d:/IDEA_Project/b has finished in 0 ms
"10 14, 2020 20:15:16 下午 com.ddd.server.Bootstrap logJVM
-5p:Server version:		How2J DiyTomcat/1.0.1
"10 14, 2020 20:15:16 下午 com.ddd.server.Bootstrap logJVM
-5p:Server built:		2020-04-08 10:20:22
"10 14, 2020 20:15:16 下午 com.ddd.server.Bootstrap logJVM
-5p:Server number:		1.0.1
"10 14, 2020 20:15:16 下午 com.ddd.server.Bootstrap logJVM
-5p:OS Name	:		Windows 10
"10 14, 2020 20:15:16 下午 com.ddd.server.Bootstrap logJVM
-5p:OS Version:		10.0
"10 14, 2020 20:15:16 下午 com.ddd.server.Bootstrap logJVM
-5p:Architecture:		x86
"10 14, 2020 20:15:16 下午 com.ddd.server.Bootstrap logJVM
-5p:Java Home:		D:\JavaEE\Java\jre
"10 14, 2020 20:15:16 下午 com.ddd.server.Bootstrap logJVM
-5p:JVM Version:		1.8.0_65-b17
"10 14, 2020 20:15:16 下午 com.ddd.server.Bootstrap logJVM
-5p:JVM Vendor:		Oracle Corporation
"10 14, 2020 20:15:16 下午 com.ddd.catalina.Context <init>
-5p:Deploying web application directory D:\IDEA_Project\DiyTomcat\webapps\a
"10 14, 2020 20:15:16 下午 com.ddd.catalina.Context <init>
-5p:Deploying of web application directory D:\IDEA_Project\DiyTomcat\webapps\a has finished in 0 ms
"10 14, 2020 20:15:16 下午 com.ddd.catalina.Context <init>
-5p:Deploying web application directory D:\IDEA_Project\DiyTomcat\webapps\ROOT
"10 14, 2020 20:15:16 下午 com.ddd.catalina.Context <init>
-5p:Deploying of web application directory D:\IDEA_Project\DiyTomcat\webapps\ROOT has finished in 0 ms
"10 14, 2020 20:15:16 下午 com.ddd.catalina.Context <init>
-5p:Deploying web application directory d:/IDEA_Project/b
"10 14, 2020 20:15:16 下午 com.ddd.catalina.Context <init>
-5p:Deploying of web application directory d:/IDEA_Project/b has finished in 0 ms
"10 14, 2020 20:15:42 下午 com.ddd.server.Bootstrap logJVM
-5p:Server version:		How2J DiyTomcat/1.0.1
"10 14, 2020 20:15:42 下午 com.ddd.server.Bootstrap logJVM
-5p:Server built:		2020-04-08 10:20:22
"10 14, 2020 20:15:42 下午 com.ddd.server.Bootstrap logJVM
-5p:Server number:		1.0.1
"10 14, 2020 20:15:42 下午 com.ddd.server.Bootstrap logJVM
-5p:OS Name	:		Windows 10
"10 14, 2020 20:15:42 下午 com.ddd.server.Bootstrap logJVM
-5p:OS Version:		10.0
"10 14, 2020 20:15:42 下午 com.ddd.server.Bootstrap logJVM
-5p:Architecture:		x86
"10 14, 2020 20:15:42 下午 com.ddd.server.Bootstrap logJVM
-5p:Java Home:		D:\JavaEE\Java\jre
"10 14, 2020 20:15:42 下午 com.ddd.server.Bootstrap logJVM
-5p:JVM Version:		1.8.0_65-b17
"10 14, 2020 20:15:42 下午 com.ddd.server.Bootstrap logJVM
-5p:JVM Vendor:		Oracle Corporation
"10 14, 2020 20:15:42 下午 com.ddd.catalina.Context <init>
-5p:Deploying web application directory D:\IDEA_Project\DiyTomcat\webapps\a
"10 14, 2020 20:15:42 下午 com.ddd.catalina.Context <init>
-5p:Deploying of web application directory D:\IDEA_Project\DiyTomcat\webapps\a has finished in 0 ms
"10 14, 2020 20:15:42 下午 com.ddd.catalina.Context <init>
-5p:Deploying web application directory D:\IDEA_Project\DiyTomcat\webapps\ROOT
"10 14, 2020 20:15:42 下午 com.ddd.catalina.Context <init>
-5p:Deploying of web application directory D:\IDEA_Project\DiyTomcat\webapps\ROOT has finished in 0 ms
"10 14, 2020 20:15:42 下午 com.ddd.catalina.Context <init>
-5p:Deploying web application directory d:/IDEA_Project/b
"10 14, 2020 20:15:42 下午 com.ddd.catalina.Context <init>
-5p:Deploying of web application directory d:/IDEA_Project/b has finished in 0 ms
"10 14, 2020 20:16:14 下午 com.ddd.server.Bootstrap logJVM
-5p:Server version:		How2J DiyTomcat/1.0.1
"10 14, 2020 20:16:14 下午 com.ddd.server.Bootstrap logJVM
-5p:Server built:		2020-04-08 10:20:22
"10 14, 2020 20:16:14 下午 com.ddd.server.Bootstrap logJVM
-5p:Server number:		1.0.1
"10 14, 2020 20:16:14 下午 com.ddd.server.Bootstrap logJVM
-5p:OS Name	:		Windows 10
"10 14, 2020 20:16:14 下午 com.ddd.server.Bootstrap logJVM
-5p:OS Version:		10.0
"10 14, 2020 20:16:14 下午 com.ddd.server.Bootstrap logJVM
-5p:Architecture:		x86
"10 14, 2020 20:16:14 下午 com.ddd.server.Bootstrap logJVM
-5p:Java Home:		D:\JavaEE\Java\jre
"10 14, 2020 20:16:14 下午 com.ddd.server.Bootstrap logJVM
-5p:JVM Version:		1.8.0_65-b17
"10 14, 2020 20:16:14 下午 com.ddd.server.Bootstrap logJVM
-5p:JVM Vendor:		Oracle Corporation
"10 14, 2020 20:16:14 下午 com.ddd.catalina.Context <init>
-5p:Deploying web application directory D:\IDEA_Project\DiyTomcat\webapps\a
"10 14, 2020 20:16:14 下午 com.ddd.catalina.Context <init>
-5p:Deploying of web application directory D:\IDEA_Project\DiyTomcat\webapps\a has finished in 0 ms
"10 14, 2020 20:16:14 下午 com.ddd.catalina.Context <init>
-5p:Deploying web application directory D:\IDEA_Project\DiyTomcat\webapps\ROOT
"10 14, 2020 20:16:14 下午 com.ddd.catalina.Context <init>
-5p:Deploying of web application directory D:\IDEA_Project\DiyTomcat\webapps\ROOT has finished in 0 ms
"10 14, 2020 20:16:14 下午 com.ddd.catalina.Context <init>
-5p:Deploying web application directory d:/IDEA_Project/DiyTomcat/b
"10 14, 2020 20:16:14 下午 com.ddd.catalina.Context <init>
-5p:Deploying of web application directory d:/IDEA_Project/DiyTomcat/b has finished in 0 ms
"10 14, 2020 20:56:38 下午 com.ddd.server.Bootstrap logJVM
-5p:Server version:		How2J DiyTomcat/1.0.1
"10 14, 2020 20:56:38 下午 com.ddd.server.Bootstrap logJVM
-5p:Server built:		2020-04-08 10:20:22
"10 14, 2020 20:56:38 下午 com.ddd.server.Bootstrap logJVM
-5p:Server number:		1.0.1
"10 14, 2020 20:56:38 下午 com.ddd.server.Bootstrap logJVM
-5p:OS Name	:		Windows 10
"10 14, 2020 20:56:38 下午 com.ddd.server.Bootstrap logJVM
-5p:OS Version:		10.0
"10 14, 2020 20:56:38 下午 com.ddd.server.Bootstrap logJVM
-5p:Architecture:		x86
"10 14, 2020 20:56:38 下午 com.ddd.server.Bootstrap logJVM
-5p:Java Home:		D:\JavaEE\Java\jre
"10 14, 2020 20:56:38 下午 com.ddd.server.Bootstrap logJVM
-5p:JVM Version:		1.8.0_65-b17
"10 14, 2020 20:56:38 下午 com.ddd.server.Bootstrap logJVM
-5p:JVM Vendor:		Oracle Corporation
"10 14, 2020 20:56:39 下午 com.ddd.catalina.Context <init>
-5p:Deploying web application directory D:\IDEA_Project\DiyTomcat\webapps\a
"10 14, 2020 20:56:39 下午 com.ddd.catalina.Context <init>
-5p:Deploying web application directory D:\IDEA_Project\DiyTomcat\webapps\a
"10 14, 2020 20:56:39 下午 com.ddd.catalina.Context <init>
-5p:Deploying of web application directory D:\IDEA_Project\DiyTomcat\webapps\a has finished in 0 ms
"10 14, 2020 20:56:39 下午 com.ddd.catalina.Context <init>
-5p:Deploying of web application directory D:\IDEA_Project\DiyTomcat\webapps\a has finished in 0 ms
"10 14, 2020 20:56:39 下午 com.ddd.catalina.Context <init>
-5p:Deploying web application directory D:\IDEA_Project\DiyTomcat\webapps\ROOT
"10 14, 2020 20:56:39 下午 com.ddd.catalina.Context <init>
-5p:Deploying web application directory D:\IDEA_Project\DiyTomcat\webapps\ROOT
"10 14, 2020 20:56:39 下午 com.ddd.catalina.Context <init>
-5p:Deploying of web application directory D:\IDEA_Project\DiyTomcat\webapps\ROOT has finished in 15 ms
"10 14, 2020 20:56:39 下午 com.ddd.catalina.Context <init>
-5p:Deploying of web application directory D:\IDEA_Project\DiyTomcat\webapps\ROOT has finished in 0 ms
"10 14, 2020 20:56:39 下午 com.ddd.catalina.Context <init>
-5p:Deploying web application directory d:/IDEA_Project/DiyTomcat/b
"10 14, 2020 20:56:39 下午 com.ddd.catalina.Context <init>
-5p:Deploying web application directory d:/IDEA_Project/DiyTomcat/b
"10 14, 2020 20:56:39 下午 com.ddd.catalina.Context <init>
-5p:Deploying of web application directory d:/IDEA_Project/DiyTomcat/b has finished in 0 ms
"10 14, 2020 20:56:39 下午 com.ddd.catalina.Context <init>
-5p:Deploying of web application directory d:/IDEA_Project/DiyTomcat/b has finished in 0 ms
"10 14, 2020 20:56:39 下午 com.ddd.catalina.Context <init>
-5p:Deploying web application directory D:\IDEA_Project\DiyTomcat\webapps\a
"10 14, 2020 20:56:39 下午 com.ddd.catalina.Context <init>
-5p:Deploying of web application directory D:\IDEA_Project\DiyTomcat\webapps\a has finished in 0 ms
"10 14, 2020 20:56:39 下午 com.ddd.catalina.Context <init>
-5p:Deploying web application directory D:\IDEA_Project\DiyTomcat\webapps\ROOT
"10 14, 2020 20:56:39 下午 com.ddd.catalina.Context <init>
-5p:Deploying of web application directory D:\IDEA_Project\DiyTomcat\webapps\ROOT has finished in 0 ms
"10 14, 2020 20:56:39 下午 com.ddd.catalina.Context <init>
-5p:Deploying web application directory d:/IDEA_Project/DiyTomcat/b
"10 14, 2020 20:56:39 下午 com.ddd.catalina.Context <init>
-5p:Deploying of web application directory d:/IDEA_Project/DiyTomcat/b has finished in 0 ms
"10 14, 2020 20:56:45 下午 com.ddd.server.Bootstrap logJVM
-5p:Server version:		How2J DiyTomcat/1.0.1
"10 14, 2020 20:56:45 下午 com.ddd.server.Bootstrap logJVM
-5p:Server built:		2020-04-08 10:20:22
"10 14, 2020 20:56:45 下午 com.ddd.server.Bootstrap logJVM
-5p:Server number:		1.0.1
"10 14, 2020 20:56:45 下午 com.ddd.server.Bootstrap logJVM
-5p:OS Name	:		Windows 10
"10 14, 2020 20:56:45 下午 com.ddd.server.Bootstrap logJVM
-5p:OS Version:		10.0
"10 14, 2020 20:56:45 下午 com.ddd.server.Bootstrap logJVM
-5p:Architecture:		x86
"10 14, 2020 20:56:45 下午 com.ddd.server.Bootstrap logJVM
-5p:Java Home:		D:\JavaEE\Java\jre
"10 14, 2020 20:56:45 下午 com.ddd.server.Bootstrap logJVM
-5p:JVM Version:		1.8.0_65-b17
"10 14, 2020 20:56:45 下午 com.ddd.server.Bootstrap logJVM
-5p:JVM Vendor:		Oracle Corporation
"10 14, 2020 20:56:51 下午 com.ddd.server.Bootstrap logJVM
-5p:Server version:		How2J DiyTomcat/1.0.1
"10 14, 2020 20:56:51 下午 com.ddd.server.Bootstrap logJVM
-5p:Server built:		2020-04-08 10:20:22
"10 14, 2020 20:56:51 下午 com.ddd.server.Bootstrap logJVM
-5p:Server number:		1.0.1
"10 14, 2020 20:56:51 下午 com.ddd.server.Bootstrap logJVM
-5p:OS Name	:		Windows 10
"10 14, 2020 20:56:51 下午 com.ddd.server.Bootstrap logJVM
-5p:OS Version:		10.0
"10 14, 2020 20:56:51 下午 com.ddd.server.Bootstrap logJVM
-5p:Architecture:		x86
"10 14, 2020 20:56:51 下午 com.ddd.server.Bootstrap logJVM
-5p:Java Home:		D:\JavaEE\Java\jre
"10 14, 2020 20:56:51 下午 com.ddd.server.Bootstrap logJVM
-5p:JVM Version:		1.8.0_65-b17
"10 14, 2020 20:56:51 下午 com.ddd.server.Bootstrap logJVM
-5p:JVM Vendor:		Oracle Corporation
"10 14, 2020 20:56:54 下午 com.ddd.catalina.Context <init>
-5p:Deploying web application directory D:\IDEA_Project\DiyTomcat\webapps\a
"10 14, 2020 20:56:54 下午 com.ddd.catalina.Context <init>
-5p:Deploying web application directory D:\IDEA_Project\DiyTomcat\webapps\a
"10 14, 2020 20:56:54 下午 com.ddd.catalina.Context <init>
-5p:Deploying of web application directory D:\IDEA_Project\DiyTomcat\webapps\a has finished in 0 ms
"10 14, 2020 20:56:54 下午 com.ddd.catalina.Context <init>
-5p:Deploying of web application directory D:\IDEA_Project\DiyTomcat\webapps\a has finished in 0 ms
"10 14, 2020 20:56:54 下午 com.ddd.catalina.Context <init>
-5p:Deploying web application directory D:\IDEA_Project\DiyTomcat\webapps\ROOT
"10 14, 2020 20:56:54 下午 com.ddd.catalina.Context <init>
-5p:Deploying of web application directory D:\IDEA_Project\DiyTomcat\webapps\ROOT has finished in 0 ms
"10 14, 2020 20:56:54 下午 com.ddd.catalina.Context <init>
-5p:Deploying web application directory D:\IDEA_Project\DiyTomcat\webapps\ROOT
"10 14, 2020 20:56:54 下午 com.ddd.catalina.Context <init>
-5p:Deploying web application directory d:/IDEA_Project/DiyTomcat/b
"10 14, 2020 20:56:54 下午 com.ddd.catalina.Context <init>
-5p:Deploying of web application directory d:/IDEA_Project/DiyTomcat/b has finished in 0 ms
"10 14, 2020 20:56:54 下午 com.ddd.catalina.Context <init>
-5p:Deploying of web application directory D:\IDEA_Project\DiyTomcat\webapps\ROOT has finished in 0 ms
"10 14, 2020 20:56:54 下午 com.ddd.catalina.Context <init>
-5p:Deploying web application directory d:/IDEA_Project/DiyTomcat/b
"10 14, 2020 20:56:54 下午 com.ddd.catalina.Context <init>
-5p:Deploying of web application directory d:/IDEA_Project/DiyTomcat/b has finished in 0 ms
"10 14, 2020 20:56:54 下午 com.ddd.catalina.Context <init>
-5p:Deploying web application directory D:\IDEA_Project\DiyTomcat\webapps\a
"10 14, 2020 20:56:54 下午 com.ddd.catalina.Context <init>
-5p:Deploying of web application directory D:\IDEA_Project\DiyTomcat\webapps\a has finished in 0 ms
"10 14, 2020 20:56:54 下午 com.ddd.catalina.Context <init>
-5p:Deploying web application directory D:\IDEA_Project\DiyTomcat\webapps\ROOT
"10 14, 2020 20:56:54 下午 com.ddd.catalina.Context <init>
-5p:Deploying of web application directory D:\IDEA_Project\DiyTomcat\webapps\ROOT has finished in 0 ms
"10 14, 2020 20:56:54 下午 com.ddd.catalina.Context <init>
-5p:Deploying web application directory d:/IDEA_Project/DiyTomcat/b
"10 14, 2020 20:56:54 下午 com.ddd.catalina.Context <init>
-5p:Deploying of web application directory d:/IDEA_Project/DiyTomcat/b has finished in 15 ms
"10 14, 2020 21:35:27 下午 com.ddd.catalina.Context <init>
-5p:Deploying web application directory D:\IDEA_Project\DiyTomcat\webapps\a
"10 14, 2020 21:35:27 下午 com.ddd.catalina.Context <init>
-5p:Deploying of web application directory D:\IDEA_Project\DiyTomcat\webapps\a has finished in 0 ms
"10 14, 2020 21:35:27 下午 com.ddd.catalina.Context <init>
-5p:Deploying web application directory D:\IDEA_Project\DiyTomcat\webapps\ROOT
"10 14, 2020 21:35:27 下午 com.ddd.catalina.Context <init>
-5p:Deploying of web application directory D:\IDEA_Project\DiyTomcat\webapps\ROOT has finished in 1 ms
"10 14, 2020 21:35:27 下午 com.ddd.catalina.Context <init>
-5p:Deploying web application directory d:/IDEA_Project/DiyTomcat/b
"10 14, 2020 21:35:27 下午 com.ddd.catalina.Context <init>
-5p:Deploying of web application directory d:/IDEA_Project/DiyTomcat/b has finished in 0 ms
"10 14, 2020 21:35:40 下午 com.ddd.server.Bootstrap logJVM
-5p:Server version:		How2J DiyTomcat/1.0.1
"10 14, 2020 21:35:40 下午 com.ddd.server.Bootstrap logJVM
-5p:Server built:		2020-04-08 10:20:22
"10 14, 2020 21:35:40 下午 com.ddd.server.Bootstrap logJVM
-5p:Server number:		1.0.1
"10 14, 2020 21:35:40 下午 com.ddd.server.Bootstrap logJVM
-5p:OS Name	:		Windows 10
"10 14, 2020 21:35:40 下午 com.ddd.server.Bootstrap logJVM
-5p:OS Version:		10.0
"10 14, 2020 21:35:40 下午 com.ddd.server.Bootstrap logJVM
-5p:Architecture:		x86
"10 14, 2020 21:35:40 下午 com.ddd.server.Bootstrap logJVM
-5p:Java Home:		D:\JavaEE\Java\jre
"10 14, 2020 21:35:40 下午 com.ddd.server.Bootstrap logJVM
-5p:JVM Version:		1.8.0_65-b17
"10 14, 2020 21:35:40 下午 com.ddd.server.Bootstrap logJVM
-5p:JVM Vendor:		Oracle Corporation
"10 14, 2020 21:35:50 下午 com.ddd.catalina.Context <init>
-5p:Deploying web application directory D:\IDEA_Project\DiyTomcat\webapps\a
"10 14, 2020 21:35:50 下午 com.ddd.catalina.Context <init>
-5p:Deploying web application directory D:\IDEA_Project\DiyTomcat\webapps\a
"10 14, 2020 21:35:50 下午 com.ddd.catalina.Context <init>
-5p:Deploying of web application directory D:\IDEA_Project\DiyTomcat\webapps\a has finished in 0 ms
"10 14, 2020 21:35:50 下午 com.ddd.catalina.Context <init>
-5p:Deploying of web application directory D:\IDEA_Project\DiyTomcat\webapps\a has finished in 0 ms
"10 14, 2020 21:35:50 下午 com.ddd.catalina.Context <init>
-5p:Deploying web application directory D:\IDEA_Project\DiyTomcat\webapps\ROOT
"10 14, 2020 21:35:50 下午 com.ddd.catalina.Context <init>
-5p:Deploying web application directory D:\IDEA_Project\DiyTomcat\webapps\ROOT
"10 14, 2020 21:35:50 下午 com.ddd.catalina.Context <init>
-5p:Deploying of web application directory D:\IDEA_Project\DiyTomcat\webapps\ROOT has finished in 0 ms
"10 14, 2020 21:35:50 下午 com.ddd.catalina.Context <init>
-5p:Deploying of web application directory D:\IDEA_Project\DiyTomcat\webapps\ROOT has finished in 0 ms
"10 14, 2020 21:35:50 下午 com.ddd.catalina.Context <init>
-5p:Deploying web application directory d:/IDEA_Project/DiyTomcat/b
"10 14, 2020 21:35:50 下午 com.ddd.catalina.Context <init>
-5p:Deploying of web application directory d:/IDEA_Project/DiyTomcat/b has finished in 0 ms
"10 14, 2020 21:35:50 下午 com.ddd.catalina.Context <init>
-5p:Deploying web application directory d:/IDEA_Project/DiyTomcat/b
"10 14, 2020 21:35:50 下午 com.ddd.catalina.Context <init>
-5p:Deploying of web application directory d:/IDEA_Project/DiyTomcat/b has finished in 0 ms
"10 14, 2020 21:35:50 下午 com.ddd.catalina.Context <init>
-5p:Deploying web application directory D:\IDEA_Project\DiyTomcat\webapps\a
"10 14, 2020 21:35:50 下午 com.ddd.catalina.Context <init>
-5p:Deploying of web application directory D:\IDEA_Project\DiyTomcat\webapps\a has finished in 0 ms
"10 14, 2020 21:35:50 下午 com.ddd.catalina.Context <init>
-5p:Deploying web application directory D:\IDEA_Project\DiyTomcat\webapps\ROOT
"10 14, 2020 21:35:50 下午 com.ddd.catalina.Context <init>
-5p:Deploying of web application directory D:\IDEA_Project\DiyTomcat\webapps\ROOT has finished in 1 ms
"10 14, 2020 21:35:50 下午 com.ddd.catalina.Context <init>
-5p:Deploying web application directory d:/IDEA_Project/DiyTomcat/b
"10 14, 2020 21:35:50 下午 com.ddd.catalina.Context <init>
-5p:Deploying of web application directory d:/IDEA_Project/DiyTomcat/b has finished in 1 ms
"10 14, 2020 22:29:24 下午 com.ddd.server.Bootstrap logJVM
-5p:Server version:		How2J DiyTomcat/1.0.1
"10 14, 2020 22:29:24 下午 com.ddd.server.Bootstrap logJVM
-5p:Server built:		2020-04-08 10:20:22
"10 14, 2020 22:29:24 下午 com.ddd.server.Bootstrap logJVM
-5p:Server number:		1.0.1
"10 14, 2020 22:29:24 下午 com.ddd.server.Bootstrap logJVM
-5p:OS Name	:		Windows 10
"10 14, 2020 22:29:24 下午 com.ddd.server.Bootstrap logJVM
-5p:OS Version:		10.0
"10 14, 2020 22:29:24 下午 com.ddd.server.Bootstrap logJVM
-5p:Architecture:		x86
"10 14, 2020 22:29:24 下午 com.ddd.server.Bootstrap logJVM
-5p:Java Home:		D:\JavaEE\Java\jre
"10 14, 2020 22:29:24 下午 com.ddd.server.Bootstrap logJVM
-5p:JVM Version:		1.8.0_65-b17
"10 14, 2020 22:29:24 下午 com.ddd.server.Bootstrap logJVM
-5p:JVM Vendor:		Oracle Corporation
"10 14, 2020 22:29:24 下午 com.ddd.catalina.Context <init>
-5p:Deploying web application directory D:\IDEA_Project\DiyTomcat\webapps\a
"10 14, 2020 22:29:24 下午 com.ddd.catalina.Context <init>
-5p:Deploying web application directory D:\IDEA_Project\DiyTomcat\webapps\a
"10 14, 2020 22:29:24 下午 com.ddd.catalina.Context <init>
-5p:Deploying of web application directory D:\IDEA_Project\DiyTomcat\webapps\a has finished in 0 ms
"10 14, 2020 22:29:24 下午 com.ddd.catalina.Context <init>
-5p:Deploying of web application directory D:\IDEA_Project\DiyTomcat\webapps\a has finished in 0 ms
"10 14, 2020 22:29:24 下午 com.ddd.catalina.Context <init>
-5p:Deploying web application directory D:\IDEA_Project\DiyTomcat\webapps\ROOT
"10 14, 2020 22:29:24 下午 com.ddd.catalina.Context <init>
-5p:Deploying of web application directory D:\IDEA_Project\DiyTomcat\webapps\ROOT has finished in 0 ms
"10 14, 2020 22:29:24 下午 com.ddd.catalina.Context <init>
-5p:Deploying web application directory D:\IDEA_Project\DiyTomcat\webapps\ROOT
"10 14, 2020 22:29:24 下午 com.ddd.catalina.Context <init>
-5p:Deploying of web application directory D:\IDEA_Project\DiyTomcat\webapps\ROOT has finished in 15 ms
"10 14, 2020 22:29:24 下午 com.ddd.catalina.Context <init>
-5p:Deploying web application directory d:/IDEA_Project/DiyTomcat/b
"10 14, 2020 22:29:24 下午 com.ddd.catalina.Context <init>
-5p:Deploying of web application directory d:/IDEA_Project/DiyTomcat/b has finished in 15 ms
"10 14, 2020 22:29:24 下午 com.ddd.catalina.Context <init>
-5p:Deploying web application directory d:/IDEA_Project/DiyTomcat/b
"10 14, 2020 22:29:24 下午 com.ddd.catalina.Context <init>
-5p:Deploying of web application directory d:/IDEA_Project/DiyTomcat/b has finished in 0 ms
"10 14, 2020 22:29:24 下午 com.ddd.catalina.Context <init>
-5p:Deploying web application directory D:\IDEA_Project\DiyTomcat\webapps\a
"10 14, 2020 22:29:24 下午 com.ddd.catalina.Context <init>
-5p:Deploying of web application directory D:\IDEA_Project\DiyTomcat\webapps\a has finished in 0 ms
"10 14, 2020 22:29:24 下午 com.ddd.catalina.Context <init>
-5p:Deploying web application directory D:\IDEA_Project\DiyTomcat\webapps\ROOT
"10 14, 2020 22:29:24 下午 com.ddd.catalina.Context <init>
-5p:Deploying of web application directory D:\IDEA_Project\DiyTomcat\webapps\ROOT has finished in 0 ms
"10 14, 2020 22:29:24 下午 com.ddd.catalina.Context <init>
-5p:Deploying web application directory d:/IDEA_Project/DiyTomcat/b
"10 14, 2020 22:29:24 下午 com.ddd.catalina.Context <init>
-5p:Deploying of web application directory d:/IDEA_Project/DiyTomcat/b has finished in 0 ms
"10 14, 2020 23:00:13 下午 com.ddd.catalina.Context <init>
-5p:Deploying web application directory D:\IDEA_Project\DiyTomcat\webapps\a
"10 14, 2020 23:00:13 下午 com.ddd.catalina.Context <init>
-5p:Deploying of web application directory D:\IDEA_Project\DiyTomcat\webapps\a has finished in 78 ms
"10 14, 2020 23:00:13 下午 com.ddd.catalina.Context <init>
-5p:Deploying web application directory D:\IDEA_Project\DiyTomcat\webapps\ROOT
"10 14, 2020 23:00:13 下午 com.ddd.catalina.Context <init>
-5p:Deploying of web application directory D:\IDEA_Project\DiyTomcat\webapps\ROOT has finished in 0 ms
"10 14, 2020 23:00:13 下午 com.ddd.catalina.Context <init>
-5p:Deploying web application directory d:/IDEA_Project/DiyTomcat/b
"10 14, 2020 23:00:13 下午 com.ddd.catalina.Context <init>
-5p:Deploying of web application directory d:/IDEA_Project/DiyTomcat/b has finished in 0 ms
"10 14, 2020 23:00:15 下午 com.ddd.catalina.Server logJVM
-5p:Server version:		How2J DiyTomcat/1.0.1
"10 14, 2020 23:00:15 下午 com.ddd.catalina.Server logJVM
-5p:Server built:		2020-04-08 10:20:22
"10 14, 2020 23:00:15 下午 com.ddd.catalina.Server logJVM
-5p:Server number:		1.0.1
"10 14, 2020 23:00:15 下午 com.ddd.catalina.Server logJVM
-5p:OS Name	:		Windows 10
"10 14, 2020 23:00:15 下午 com.ddd.catalina.Server logJVM
-5p:OS Version:		10.0
"10 14, 2020 23:00:15 下午 com.ddd.catalina.Server logJVM
-5p:Architecture:		x86
"10 14, 2020 23:00:15 下午 com.ddd.catalina.Server logJVM
-5p:Java Home:		D:\JavaEE\Java\jre
"10 14, 2020 23:00:15 下午 com.ddd.catalina.Server logJVM
-5p:JVM Version:		1.8.0_65-b17
"10 14, 2020 23:00:15 下午 com.ddd.catalina.Server logJVM
-5p:JVM Vendor:		Oracle Corporation
"10 14, 2020 23:00:43 下午 com.ddd.catalina.Context <init>
-5p:Deploying web application directory D:\IDEA_Project\DiyTomcat\webapps\a
"10 14, 2020 23:00:43 下午 com.ddd.catalina.Context <init>
-5p:Deploying of web application directory D:\IDEA_Project\DiyTomcat\webapps\a has finished in 78 ms
"10 14, 2020 23:00:43 下午 com.ddd.catalina.Context <init>
-5p:Deploying web application directory D:\IDEA_Project\DiyTomcat\webapps\ROOT
"10 14, 2020 23:00:43 下午 com.ddd.catalina.Context <init>
-5p:Deploying of web application directory D:\IDEA_Project\DiyTomcat\webapps\ROOT has finished in 0 ms
"10 14, 2020 23:00:43 下午 com.ddd.catalina.Context <init>
-5p:Deploying web application directory d:/IDEA_Project/DiyTomcat/b
"10 14, 2020 23:00:43 下午 com.ddd.catalina.Context <init>
-5p:Deploying of web application directory d:/IDEA_Project/DiyTomcat/b has finished in 0 ms
"10 14, 2020 23:00:45 下午 com.ddd.catalina.Server logJVM
-5p:Server version:		How2J DiyTomcat/1.0.1
"10 14, 2020 23:00:45 下午 com.ddd.catalina.Server logJVM
-5p:Server built:		2020-04-08 10:20:22
"10 14, 2020 23:00:45 下午 com.ddd.catalina.Server logJVM
-5p:Server number:		1.0.1
"10 14, 2020 23:00:45 下午 com.ddd.catalina.Server logJVM
-5p:OS Name	:		Windows 10
"10 14, 2020 23:00:45 下午 com.ddd.catalina.Server logJVM
-5p:OS Version:		10.0
"10 14, 2020 23:00:45 下午 com.ddd.catalina.Server logJVM
-5p:Architecture:		x86
"10 14, 2020 23:00:45 下午 com.ddd.catalina.Server logJVM
-5p:Java Home:		D:\JavaEE\Java\jre
"10 14, 2020 23:00:45 下午 com.ddd.catalina.Server logJVM
-5p:JVM Version:		1.8.0_65-b17
"10 14, 2020 23:00:45 下午 com.ddd.catalina.Server logJVM
-5p:JVM Vendor:		Oracle Corporation
"10 14, 2020 23:04:32 下午 com.ddd.catalina.Context <init>
-5p:Deploying web application directory D:\IDEA_Project\DiyTomcat\webapps\a
"10 14, 2020 23:04:32 下午 com.ddd.catalina.Context <init>
-5p:Deploying of web application directory D:\IDEA_Project\DiyTomcat\webapps\a has finished in 79 ms
"10 14, 2020 23:04:32 下午 com.ddd.catalina.Context <init>
-5p:Deploying web application directory D:\IDEA_Project\DiyTomcat\webapps\ROOT
"10 14, 2020 23:04:32 下午 com.ddd.catalina.Context <init>
-5p:Deploying of web application directory D:\IDEA_Project\DiyTomcat\webapps\ROOT has finished in 0 ms
"10 14, 2020 23:04:32 下午 com.ddd.catalina.Context <init>
-5p:Deploying web application directory d:/IDEA_Project/DiyTomcat/b
"10 14, 2020 23:04:32 下午 com.ddd.catalina.Context <init>
-5p:Deploying of web application directory d:/IDEA_Project/DiyTomcat/b has finished in 0 ms
"10 14, 2020 23:04:34 下午 com.ddd.catalina.Server logJVM
-5p:Server version:		How2J DiyTomcat/1.0.1
"10 14, 2020 23:04:34 下午 com.ddd.catalina.Server logJVM
-5p:Server built:		2020-04-08 10:20:22
"10 14, 2020 23:04:34 下午 com.ddd.catalina.Server logJVM
-5p:Server number:		1.0.1
"10 14, 2020 23:04:34 下午 com.ddd.catalina.Server logJVM
-5p:OS Name	:		Windows 10
"10 14, 2020 23:04:34 下午 com.ddd.catalina.Server logJVM
-5p:OS Version:		10.0
"10 14, 2020 23:04:34 下午 com.ddd.catalina.Server logJVM
-5p:Architecture:		x86
"10 14, 2020 23:04:34 下午 com.ddd.catalina.Server logJVM
-5p:Java Home:		D:\JavaEE\Java\jre
"10 14, 2020 23:04:34 下午 com.ddd.catalina.Server logJVM
-5p:JVM Version:		1.8.0_65-b17
"10 14, 2020 23:04:34 下午 com.ddd.catalina.Server logJVM
-5p:JVM Vendor:		Oracle Corporation
"10 14, 2020 23:40:08 下午 com.ddd.catalina.Context <init>
-5p:Deploying web application directory D:\IDEA_Project\DiyTomcat\webapps\a
"10 14, 2020 23:40:08 下午 com.ddd.catalina.Context <init>
-5p:Deploying of web application directory D:\IDEA_Project\DiyTomcat\webapps\a has finished in 64 ms
"10 14, 2020 23:40:08 下午 com.ddd.catalina.Context <init>
-5p:Deploying web application directory D:\IDEA_Project\DiyTomcat\webapps\ROOT
"10 14, 2020 23:40:08 下午 com.ddd.catalina.Context <init>
-5p:Deploying of web application directory D:\IDEA_Project\DiyTomcat\webapps\ROOT has finished in 0 ms
"10 14, 2020 23:40:08 下午 com.ddd.catalina.Context <init>
-5p:Deploying web application directory d:/IDEA_Project/DiyTomcat/b
"10 14, 2020 23:40:08 下午 com.ddd.catalina.Context <init>
-5p:Deploying of web application directory d:/IDEA_Project/DiyTomcat/b has finished in 0 ms
"10 14, 2020 23:40:10 下午 com.ddd.catalina.Server logJVM
-5p:Server version:		How2J DiyTomcat/1.0.1
"10 14, 2020 23:40:10 下午 com.ddd.catalina.Server logJVM
-5p:Server built:		2020-04-08 10:20:22
"10 14, 2020 23:40:10 下午 com.ddd.catalina.Server logJVM
-5p:Server number:		1.0.1
"10 14, 2020 23:40:10 下午 com.ddd.catalina.Server logJVM
-5p:OS Name	:		Windows 10
"10 14, 2020 23:40:10 下午 com.ddd.catalina.Server logJVM
-5p:OS Version:		10.0
"10 14, 2020 23:40:10 下午 com.ddd.catalina.Server logJVM
-5p:Architecture:		x86
"10 14, 2020 23:40:10 下午 com.ddd.catalina.Server logJVM
-5p:Java Home:		D:\JavaEE\Java\jre
"10 14, 2020 23:40:10 下午 com.ddd.catalina.Server logJVM
-5p:JVM Version:		1.8.0_65-b17
"10 14, 2020 23:40:10 下午 com.ddd.catalina.Server logJVM
-5p:JVM Vendor:		Oracle Corporation
